The system is: Linux - 3.10.0-327.22.2.el7.x86_64 - x86_64
Compiling the CXX compiler identification source file "CMakeCXXCompilerId.cpp" succeeded.
Compiler: /opt/sw/gcc/9.1.0/bin/c++ 
Build flags: 
Id flags:  

The output was:
0


Compilation of the CXX compiler identification source "CMakeCXXCompilerId.cpp" produced "a.out"

The CXX compiler identification is GNU, found in "/home/matanr/recov_flat_combining/scalable_recoverable_flat_combining/CMakeFiles/3.13.4/CompilerIdCXX/a.out"

Determining if the CXX compiler works passed with the following output:
Change Dir: /home/matanr/recov_flat_combining/scalable_recoverable_flat_combining/CMakeFiles/CMakeTmp

Run Build Command:"/usr/bin/gmake" "cmTC_804d1/fast"
/usr/bin/gmake -f CMakeFiles/cmTC_804d1.dir/build.make CMakeFiles/cmTC_804d1.dir/build
gmake[1]: Entering directory `/home/matanr/recov_flat_combining/scalable_recoverable_flat_combining/CMakeFiles/CMakeTmp'
Building CXX object CMakeFiles/cmTC_804d1.dir/testCXXCompiler.cxx.o
/opt/sw/gcc/9.1.0/bin/c++     -o CMakeFiles/cmTC_804d1.dir/testCXXCompiler.cxx.o -c /home/matanr/recov_flat_combining/scalable_recoverable_flat_combining/CMakeFiles/CMakeTmp/testCXXCompiler.cxx
Linking CXX executable cmTC_804d1
/usr/bin/cmake3 -E cmake_link_script CMakeFiles/cmTC_804d1.dir/link.txt --verbose=1
/opt/sw/gcc/9.1.0/bin/c++       -rdynamic CMakeFiles/cmTC_804d1.dir/testCXXCompiler.cxx.o  -o cmTC_804d1 
gmake[1]: Leaving directory `/home/matanr/recov_flat_combining/scalable_recoverable_flat_combining/CMakeFiles/CMakeTmp'


Detecting CXX compiler ABI info compiled with the following output:
Change Dir: /home/matanr/recov_flat_combining/scalable_recoverable_flat_combining/CMakeFiles/CMakeTmp

Run Build Command:"/usr/bin/gmake" "cmTC_b13d3/fast"
/usr/bin/gmake -f CMakeFiles/cmTC_b13d3.dir/build.make CMakeFiles/cmTC_b13d3.dir/build
gmake[1]: Entering directory `/home/matanr/recov_flat_combining/scalable_recoverable_flat_combining/CMakeFiles/CMakeTmp'
Building CXX object CMakeFiles/cmTC_b13d3.dir/CMakeCXXCompilerABI.cpp.o
/opt/sw/gcc/9.1.0/bin/c++     -o CMakeFiles/cmTC_b13d3.dir/CMakeCXXCompilerABI.cpp.o -c /usr/share/cmake3/Modules/CMakeCXXCompilerABI.cpp
Linking CXX executable cmTC_b13d3
/usr/bin/cmake3 -E cmake_link_script CMakeFiles/cmTC_b13d3.dir/link.txt --verbose=1
/opt/sw/gcc/9.1.0/bin/c++      -v -rdynamic CMakeFiles/cmTC_b13d3.dir/CMakeCXXCompilerABI.cpp.o  -o cmTC_b13d3 
Using built-in specs.
COLLECT_GCC=/opt/sw/gcc/9.1.0/bin/c++
COLLECT_LTO_WRAPPER=/opt/sw/gcc/9.1.0/libexec/gcc/x86_64-pc-linux-gnu/9.1.0/lto-wrapper
OFFLOAD_TARGET_NAMES=nvptx-none
Target: x86_64-pc-linux-gnu
Configured with: ../gcc-9.1.0/configure --enable-offload-targets=nvptx-none --with-cuda-driver-include=/usr/local/cuda-10.0/include --with-cuda-driver-lib=/usr/local/cuda-10.0/lib64 --disable-bootstrap --disable-multilib --enable-languages=c,c++,fortran,lto --prefix=/opt/sw/gcc/9.1.0
Thread model: posix
gcc version 9.1.0 (GCC) 
COMPILER_PATH=/opt/sw/gcc/9.1.0/libexec/gcc/x86_64-pc-linux-gnu/9.1.0/:/opt/sw/gcc/9.1.0/libexec/gcc/x86_64-pc-linux-gnu/9.1.0/:/opt/sw/gcc/9.1.0/libexec/gcc/x86_64-pc-linux-gnu/:/opt/sw/gcc/9.1.0/lib/gcc/x86_64-pc-linux-gnu/9.1.0/:/opt/sw/gcc/9.1.0/lib/gcc/x86_64-pc-linux-gnu/
LIBRARY_PATH=/opt/sw/gcc/9.1.0/lib/gcc/x86_64-pc-linux-gnu/9.1.0/:/opt/sw/gcc/9.1.0/lib/gcc/x86_64-pc-linux-gnu/9.1.0/../../../../lib64/:/lib/../lib64/:/usr/lib/../lib64/:/opt/sw/gcc/9.1.0/lib/gcc/x86_64-pc-linux-gnu/9.1.0/../../../:/lib/:/usr/lib/
COLLECT_GCC_OPTIONS='-v' '-rdynamic' '-o' 'cmTC_b13d3' '-shared-libgcc' '-mtune=generic' '-march=x86-64'
 /opt/sw/gcc/9.1.0/libexec/gcc/x86_64-pc-linux-gnu/9.1.0/collect2 -plugin /opt/sw/gcc/9.1.0/libexec/gcc/x86_64-pc-linux-gnu/9.1.0/liblto_plugin.so -plugin-opt=/opt/sw/gcc/9.1.0/libexec/gcc/x86_64-pc-linux-gnu/9.1.0/lto-wrapper -plugin-opt=-fresolution=/tmp/ccHbkTXB.res -plugin-opt=-pass-through=-lgcc_s -plugin-opt=-pass-through=-lgcc -plugin-opt=-pass-through=-lc -plugin-opt=-pass-through=-lgcc_s -plugin-opt=-pass-through=-lgcc --eh-frame-hdr -m elf_x86_64 -export-dynamic -dynamic-linker /lib64/ld-linux-x86-64.so.2 -o cmTC_b13d3 /lib/../lib64/crt1.o /lib/../lib64/crti.o /opt/sw/gcc/9.1.0/lib/gcc/x86_64-pc-linux-gnu/9.1.0/crtbegin.o -L/opt/sw/gcc/9.1.0/lib/gcc/x86_64-pc-linux-gnu/9.1.0 -L/opt/sw/gcc/9.1.0/lib/gcc/x86_64-pc-linux-gnu/9.1.0/../../../../lib64 -L/lib/../lib64 -L/usr/lib/../lib64 -L/opt/sw/gcc/9.1.0/lib/gcc/x86_64-pc-linux-gnu/9.1.0/../../.. CMakeFiles/cmTC_b13d3.dir/CMakeCXXCompilerABI.cpp.o -lstdc++ -lm -lgcc_s -lgcc -lc -lgcc_s -lgcc /opt/sw/gcc/9.1.0/lib/gcc/x86_64-pc-linux-gnu/9.1.0/crtend.o /lib/../lib64/crtn.o
COLLECT_GCC_OPTIONS='-v' '-rdynamic' '-o' 'cmTC_b13d3' '-shared-libgcc' '-mtune=generic' '-march=x86-64'
gmake[1]: Leaving directory `/home/matanr/recov_flat_combining/scalable_recoverable_flat_combining/CMakeFiles/CMakeTmp'


Parsed CXX implicit link information from above output:
  link line regex: [^( *|.*[/\])(ld|CMAKE_LINK_STARTFILE-NOTFOUND|([^/\]+-)?ld|collect2)[^/\]*( |$)]
  ignore line: [Change Dir: /home/matanr/recov_flat_combining/scalable_recoverable_flat_combining/CMakeFiles/CMakeTmp]
  ignore line: []
  ignore line: [Run Build Command:"/usr/bin/gmake" "cmTC_b13d3/fast"]
  ignore line: [/usr/bin/gmake -f CMakeFiles/cmTC_b13d3.dir/build.make CMakeFiles/cmTC_b13d3.dir/build]
  ignore line: [gmake[1]: Entering directory `/home/matanr/recov_flat_combining/scalable_recoverable_flat_combining/CMakeFiles/CMakeTmp']
  ignore line: [Building CXX object CMakeFiles/cmTC_b13d3.dir/CMakeCXXCompilerABI.cpp.o]
  ignore line: [/opt/sw/gcc/9.1.0/bin/c++     -o CMakeFiles/cmTC_b13d3.dir/CMakeCXXCompilerABI.cpp.o -c /usr/share/cmake3/Modules/CMakeCXXCompilerABI.cpp]
  ignore line: [Linking CXX executable cmTC_b13d3]
  ignore line: [/usr/bin/cmake3 -E cmake_link_script CMakeFiles/cmTC_b13d3.dir/link.txt --verbose=1]
  ignore line: [/opt/sw/gcc/9.1.0/bin/c++      -v -rdynamic CMakeFiles/cmTC_b13d3.dir/CMakeCXXCompilerABI.cpp.o  -o cmTC_b13d3 ]
  ignore line: [Using built-in specs.]
  ignore line: [COLLECT_GCC=/opt/sw/gcc/9.1.0/bin/c++]
  ignore line: [COLLECT_LTO_WRAPPER=/opt/sw/gcc/9.1.0/libexec/gcc/x86_64-pc-linux-gnu/9.1.0/lto-wrapper]
  ignore line: [OFFLOAD_TARGET_NAMES=nvptx-none]
  ignore line: [Target: x86_64-pc-linux-gnu]
  ignore line: [Configured with: ../gcc-9.1.0/configure --enable-offload-targets=nvptx-none --with-cuda-driver-include=/usr/local/cuda-10.0/include --with-cuda-driver-lib=/usr/local/cuda-10.0/lib64 --disable-bootstrap --disable-multilib --enable-languages=c,c++,fortran,lto --prefix=/opt/sw/gcc/9.1.0]
  ignore line: [Thread model: posix]
  ignore line: [gcc version 9.1.0 (GCC) ]
  ignore line: [COMPILER_PATH=/opt/sw/gcc/9.1.0/libexec/gcc/x86_64-pc-linux-gnu/9.1.0/:/opt/sw/gcc/9.1.0/libexec/gcc/x86_64-pc-linux-gnu/9.1.0/:/opt/sw/gcc/9.1.0/libexec/gcc/x86_64-pc-linux-gnu/:/opt/sw/gcc/9.1.0/lib/gcc/x86_64-pc-linux-gnu/9.1.0/:/opt/sw/gcc/9.1.0/lib/gcc/x86_64-pc-linux-gnu/]
  ignore line: [LIBRARY_PATH=/opt/sw/gcc/9.1.0/lib/gcc/x86_64-pc-linux-gnu/9.1.0/:/opt/sw/gcc/9.1.0/lib/gcc/x86_64-pc-linux-gnu/9.1.0/../../../../lib64/:/lib/../lib64/:/usr/lib/../lib64/:/opt/sw/gcc/9.1.0/lib/gcc/x86_64-pc-linux-gnu/9.1.0/../../../:/lib/:/usr/lib/]
  ignore line: [COLLECT_GCC_OPTIONS='-v' '-rdynamic' '-o' 'cmTC_b13d3' '-shared-libgcc' '-mtune=generic' '-march=x86-64']
  link line: [ /opt/sw/gcc/9.1.0/libexec/gcc/x86_64-pc-linux-gnu/9.1.0/collect2 -plugin /opt/sw/gcc/9.1.0/libexec/gcc/x86_64-pc-linux-gnu/9.1.0/liblto_plugin.so -plugin-opt=/opt/sw/gcc/9.1.0/libexec/gcc/x86_64-pc-linux-gnu/9.1.0/lto-wrapper -plugin-opt=-fresolution=/tmp/ccHbkTXB.res -plugin-opt=-pass-through=-lgcc_s -plugin-opt=-pass-through=-lgcc -plugin-opt=-pass-through=-lc -plugin-opt=-pass-through=-lgcc_s -plugin-opt=-pass-through=-lgcc --eh-frame-hdr -m elf_x86_64 -export-dynamic -dynamic-linker /lib64/ld-linux-x86-64.so.2 -o cmTC_b13d3 /lib/../lib64/crt1.o /lib/../lib64/crti.o /opt/sw/gcc/9.1.0/lib/gcc/x86_64-pc-linux-gnu/9.1.0/crtbegin.o -L/opt/sw/gcc/9.1.0/lib/gcc/x86_64-pc-linux-gnu/9.1.0 -L/opt/sw/gcc/9.1.0/lib/gcc/x86_64-pc-linux-gnu/9.1.0/../../../../lib64 -L/lib/../lib64 -L/usr/lib/../lib64 -L/opt/sw/gcc/9.1.0/lib/gcc/x86_64-pc-linux-gnu/9.1.0/../../.. CMakeFiles/cmTC_b13d3.dir/CMakeCXXCompilerABI.cpp.o -lstdc++ -lm -lgcc_s -lgcc -lc -lgcc_s -lgcc /opt/sw/gcc/9.1.0/lib/gcc/x86_64-pc-linux-gnu/9.1.0/crtend.o /lib/../lib64/crtn.o]
    arg [/opt/sw/gcc/9.1.0/libexec/gcc/x86_64-pc-linux-gnu/9.1.0/collect2] ==> ignore
    arg [-plugin] ==> ignore
    arg [/opt/sw/gcc/9.1.0/libexec/gcc/x86_64-pc-linux-gnu/9.1.0/liblto_plugin.so] ==> ignore
    arg [-plugin-opt=/opt/sw/gcc/9.1.0/libexec/gcc/x86_64-pc-linux-gnu/9.1.0/lto-wrapper] ==> ignore
    arg [-plugin-opt=-fresolution=/tmp/ccHbkTXB.res] ==> ignore
    arg [-plugin-opt=-pass-through=-lgcc_s] ==> ignore
    arg [-plugin-opt=-pass-through=-lgcc] ==> ignore
    arg [-plugin-opt=-pass-through=-lc] ==> ignore
    arg [-plugin-opt=-pass-through=-lgcc_s] ==> ignore
    arg [-plugin-opt=-pass-through=-lgcc] ==> ignore
    arg [--eh-frame-hdr] ==> ignore
    arg [-m] ==> ignore
    arg [elf_x86_64] ==> ignore
    arg [-export-dynamic] ==> ignore
    arg [-dynamic-linker] ==> ignore
    arg [/lib64/ld-linux-x86-64.so.2] ==> ignore
    arg [-o] ==> ignore
    arg [cmTC_b13d3] ==> ignore
    arg [/lib/../lib64/crt1.o] ==> ignore
    arg [/lib/../lib64/crti.o] ==> ignore
    arg [/opt/sw/gcc/9.1.0/lib/gcc/x86_64-pc-linux-gnu/9.1.0/crtbegin.o] ==> ignore
    arg [-L/opt/sw/gcc/9.1.0/lib/gcc/x86_64-pc-linux-gnu/9.1.0] ==> dir [/opt/sw/gcc/9.1.0/lib/gcc/x86_64-pc-linux-gnu/9.1.0]
    arg [-L/opt/sw/gcc/9.1.0/lib/gcc/x86_64-pc-linux-gnu/9.1.0/../../../../lib64] ==> dir [/opt/sw/gcc/9.1.0/lib/gcc/x86_64-pc-linux-gnu/9.1.0/../../../../lib64]
    arg [-L/lib/../lib64] ==> dir [/lib/../lib64]
    arg [-L/usr/lib/../lib64] ==> dir [/usr/lib/../lib64]
    arg [-L/opt/sw/gcc/9.1.0/lib/gcc/x86_64-pc-linux-gnu/9.1.0/../../..] ==> dir [/opt/sw/gcc/9.1.0/lib/gcc/x86_64-pc-linux-gnu/9.1.0/../../..]
    arg [CMakeFiles/cmTC_b13d3.dir/CMakeCXXCompilerABI.cpp.o] ==> ignore
    arg [-lstdc++] ==> lib [stdc++]
    arg [-lm] ==> lib [m]
    arg [-lgcc_s] ==> lib [gcc_s]
    arg [-lgcc] ==> lib [gcc]
    arg [-lc] ==> lib [c]
    arg [-lgcc_s] ==> lib [gcc_s]
    arg [-lgcc] ==> lib [gcc]
    arg [/opt/sw/gcc/9.1.0/lib/gcc/x86_64-pc-linux-gnu/9.1.0/crtend.o] ==> ignore
    arg [/lib/../lib64/crtn.o] ==> ignore
  collapse library dir [/opt/sw/gcc/9.1.0/lib/gcc/x86_64-pc-linux-gnu/9.1.0] ==> [/opt/sw/gcc/9.1.0/lib/gcc/x86_64-pc-linux-gnu/9.1.0]
  collapse library dir [/opt/sw/gcc/9.1.0/lib/gcc/x86_64-pc-linux-gnu/9.1.0/../../../../lib64] ==> [/opt/sw/gcc/9.1.0/lib64]
  collapse library dir [/lib/../lib64] ==> [/lib64]
  collapse library dir [/usr/lib/../lib64] ==> [/usr/lib64]
  collapse library dir [/opt/sw/gcc/9.1.0/lib/gcc/x86_64-pc-linux-gnu/9.1.0/../../..] ==> [/opt/sw/gcc/9.1.0/lib]
  implicit libs: [stdc++;m;gcc_s;gcc;c;gcc_s;gcc]
  implicit dirs: [/opt/sw/gcc/9.1.0/lib/gcc/x86_64-pc-linux-gnu/9.1.0;/opt/sw/gcc/9.1.0/lib64;/lib64;/usr/lib64;/opt/sw/gcc/9.1.0/lib]
  implicit fwks: []




Detecting CXX [-std=c++2a] compiler features compiled with the following output:
Change Dir: /home/matanr/recov_flat_combining/scalable_recoverable_flat_combining/CMakeFiles/CMakeTmp

Run Build Command:"/usr/bin/gmake" "cmTC_71399/fast"
/usr/bin/gmake -f CMakeFiles/cmTC_71399.dir/build.make CMakeFiles/cmTC_71399.dir/build
gmake[1]: Entering directory `/home/matanr/recov_flat_combining/scalable_recoverable_flat_combining/CMakeFiles/CMakeTmp'
Building CXX object CMakeFiles/cmTC_71399.dir/feature_tests.cxx.o
/opt/sw/gcc/9.1.0/bin/c++    -std=c++2a -o CMakeFiles/cmTC_71399.dir/feature_tests.cxx.o -c /home/matanr/recov_flat_combining/scalable_recoverable_flat_combining/CMakeFiles/feature_tests.cxx
Linking CXX executable cmTC_71399
/usr/bin/cmake3 -E cmake_link_script CMakeFiles/cmTC_71399.dir/link.txt --verbose=1
/opt/sw/gcc/9.1.0/bin/c++       -rdynamic CMakeFiles/cmTC_71399.dir/feature_tests.cxx.o  -o cmTC_71399 
gmake[1]: Leaving directory `/home/matanr/recov_flat_combining/scalable_recoverable_flat_combining/CMakeFiles/CMakeTmp'


    Feature record: CXX_FEATURE:1cxx_aggregate_default_initializers
    Feature record: CXX_FEATURE:1cxx_alias_templates
    Feature record: CXX_FEATURE:1cxx_alignas
    Feature record: CXX_FEATURE:1cxx_alignof
    Feature record: CXX_FEATURE:1cxx_attributes
    Feature record: CXX_FEATURE:1cxx_attribute_deprecated
    Feature record: CXX_FEATURE:1cxx_auto_type
    Feature record: CXX_FEATURE:1cxx_binary_literals
    Feature record: CXX_FEATURE:1cxx_constexpr
    Feature record: CXX_FEATURE:1cxx_contextual_conversions
    Feature record: CXX_FEATURE:1cxx_decltype
    Feature record: CXX_FEATURE:1cxx_decltype_auto
    Feature record: CXX_FEATURE:1cxx_decltype_incomplete_return_types
    Feature record: CXX_FEATURE:1cxx_default_function_template_args
    Feature record: CXX_FEATURE:1cxx_defaulted_functions
    Feature record: CXX_FEATURE:1cxx_defaulted_move_initializers
    Feature record: CXX_FEATURE:1cxx_delegating_constructors
    Feature record: CXX_FEATURE:1cxx_deleted_functions
    Feature record: CXX_FEATURE:1cxx_digit_separators
    Feature record: CXX_FEATURE:1cxx_enum_forward_declarations
    Feature record: CXX_FEATURE:1cxx_explicit_conversions
    Feature record: CXX_FEATURE:1cxx_extended_friend_declarations
    Feature record: CXX_FEATURE:1cxx_extern_templates
    Feature record: CXX_FEATURE:1cxx_final
    Feature record: CXX_FEATURE:1cxx_func_identifier
    Feature record: CXX_FEATURE:1cxx_generalized_initializers
    Feature record: CXX_FEATURE:1cxx_generic_lambdas
    Feature record: CXX_FEATURE:1cxx_inheriting_constructors
    Feature record: CXX_FEATURE:1cxx_inline_namespaces
    Feature record: CXX_FEATURE:1cxx_lambdas
    Feature record: CXX_FEATURE:1cxx_lambda_init_captures
    Feature record: CXX_FEATURE:1cxx_local_type_template_args
    Feature record: CXX_FEATURE:1cxx_long_long_type
    Feature record: CXX_FEATURE:1cxx_noexcept
    Feature record: CXX_FEATURE:1cxx_nonstatic_member_init
    Feature record: CXX_FEATURE:1cxx_nullptr
    Feature record: CXX_FEATURE:1cxx_override
    Feature record: CXX_FEATURE:1cxx_range_for
    Feature record: CXX_FEATURE:1cxx_raw_string_literals
    Feature record: CXX_FEATURE:1cxx_reference_qualified_functions
    Feature record: CXX_FEATURE:1cxx_relaxed_constexpr
    Feature record: CXX_FEATURE:1cxx_return_type_deduction
    Feature record: CXX_FEATURE:1cxx_right_angle_brackets
    Feature record: CXX_FEATURE:1cxx_rvalue_references
    Feature record: CXX_FEATURE:1cxx_sizeof_member
    Feature record: CXX_FEATURE:1cxx_static_assert
    Feature record: CXX_FEATURE:1cxx_strong_enums
    Feature record: CXX_FEATURE:1cxx_template_template_parameters
    Feature record: CXX_FEATURE:1cxx_thread_local
    Feature record: CXX_FEATURE:1cxx_trailing_return_types
    Feature record: CXX_FEATURE:1cxx_unicode_literals
    Feature record: CXX_FEATURE:1cxx_uniform_initialization
    Feature record: CXX_FEATURE:1cxx_unrestricted_unions
    Feature record: CXX_FEATURE:1cxx_user_literals
    Feature record: CXX_FEATURE:1cxx_variable_templates
    Feature record: CXX_FEATURE:1cxx_variadic_macros
    Feature record: CXX_FEATURE:1cxx_variadic_templates


Detecting CXX [-std=c++17] compiler features compiled with the following output:
Change Dir: /home/matanr/recov_flat_combining/scalable_recoverable_flat_combining/CMakeFiles/CMakeTmp

Run Build Command:"/usr/bin/gmake" "cmTC_7d4ef/fast"
/usr/bin/gmake -f CMakeFiles/cmTC_7d4ef.dir/build.make CMakeFiles/cmTC_7d4ef.dir/build
gmake[1]: Entering directory `/home/matanr/recov_flat_combining/scalable_recoverable_flat_combining/CMakeFiles/CMakeTmp'
Building CXX object CMakeFiles/cmTC_7d4ef.dir/feature_tests.cxx.o
/opt/sw/gcc/9.1.0/bin/c++    -std=c++17 -o CMakeFiles/cmTC_7d4ef.dir/feature_tests.cxx.o -c /home/matanr/recov_flat_combining/scalable_recoverable_flat_combining/CMakeFiles/feature_tests.cxx
Linking CXX executable cmTC_7d4ef
/usr/bin/cmake3 -E cmake_link_script CMakeFiles/cmTC_7d4ef.dir/link.txt --verbose=1
/opt/sw/gcc/9.1.0/bin/c++       -rdynamic CMakeFiles/cmTC_7d4ef.dir/feature_tests.cxx.o  -o cmTC_7d4ef 
gmake[1]: Leaving directory `/home/matanr/recov_flat_combining/scalable_recoverable_flat_combining/CMakeFiles/CMakeTmp'


    Feature record: CXX_FEATURE:1cxx_aggregate_default_initializers
    Feature record: CXX_FEATURE:1cxx_alias_templates
    Feature record: CXX_FEATURE:1cxx_alignas
    Feature record: CXX_FEATURE:1cxx_alignof
    Feature record: CXX_FEATURE:1cxx_attributes
    Feature record: CXX_FEATURE:1cxx_attribute_deprecated
    Feature record: CXX_FEATURE:1cxx_auto_type
    Feature record: CXX_FEATURE:1cxx_binary_literals
    Feature record: CXX_FEATURE:1cxx_constexpr
    Feature record: CXX_FEATURE:1cxx_contextual_conversions
    Feature record: CXX_FEATURE:1cxx_decltype
    Feature record: CXX_FEATURE:1cxx_decltype_auto
    Feature record: CXX_FEATURE:1cxx_decltype_incomplete_return_types
    Feature record: CXX_FEATURE:1cxx_default_function_template_args
    Feature record: CXX_FEATURE:1cxx_defaulted_functions
    Feature record: CXX_FEATURE:1cxx_defaulted_move_initializers
    Feature record: CXX_FEATURE:1cxx_delegating_constructors
    Feature record: CXX_FEATURE:1cxx_deleted_functions
    Feature record: CXX_FEATURE:1cxx_digit_separators
    Feature record: CXX_FEATURE:1cxx_enum_forward_declarations
    Feature record: CXX_FEATURE:1cxx_explicit_conversions
    Feature record: CXX_FEATURE:1cxx_extended_friend_declarations
    Feature record: CXX_FEATURE:1cxx_extern_templates
    Feature record: CXX_FEATURE:1cxx_final
    Feature record: CXX_FEATURE:1cxx_func_identifier
    Feature record: CXX_FEATURE:1cxx_generalized_initializers
    Feature record: CXX_FEATURE:1cxx_generic_lambdas
    Feature record: CXX_FEATURE:1cxx_inheriting_constructors
    Feature record: CXX_FEATURE:1cxx_inline_namespaces
    Feature record: CXX_FEATURE:1cxx_lambdas
    Feature record: CXX_FEATURE:1cxx_lambda_init_captures
    Feature record: CXX_FEATURE:1cxx_local_type_template_args
    Feature record: CXX_FEATURE:1cxx_long_long_type
    Feature record: CXX_FEATURE:1cxx_noexcept
    Feature record: CXX_FEATURE:1cxx_nonstatic_member_init
    Feature record: CXX_FEATURE:1cxx_nullptr
    Feature record: CXX_FEATURE:1cxx_override
    Feature record: CXX_FEATURE:1cxx_range_for
    Feature record: CXX_FEATURE:1cxx_raw_string_literals
    Feature record: CXX_FEATURE:1cxx_reference_qualified_functions
    Feature record: CXX_FEATURE:1cxx_relaxed_constexpr
    Feature record: CXX_FEATURE:1cxx_return_type_deduction
    Feature record: CXX_FEATURE:1cxx_right_angle_brackets
    Feature record: CXX_FEATURE:1cxx_rvalue_references
    Feature record: CXX_FEATURE:1cxx_sizeof_member
    Feature record: CXX_FEATURE:1cxx_static_assert
    Feature record: CXX_FEATURE:1cxx_strong_enums
    Feature record: CXX_FEATURE:1cxx_template_template_parameters
    Feature record: CXX_FEATURE:1cxx_thread_local
    Feature record: CXX_FEATURE:1cxx_trailing_return_types
    Feature record: CXX_FEATURE:1cxx_unicode_literals
    Feature record: CXX_FEATURE:1cxx_uniform_initialization
    Feature record: CXX_FEATURE:1cxx_unrestricted_unions
    Feature record: CXX_FEATURE:1cxx_user_literals
    Feature record: CXX_FEATURE:1cxx_variable_templates
    Feature record: CXX_FEATURE:1cxx_variadic_macros
    Feature record: CXX_FEATURE:1cxx_variadic_templates


Detecting CXX [-std=c++14] compiler features compiled with the following output:
Change Dir: /home/matanr/recov_flat_combining/scalable_recoverable_flat_combining/CMakeFiles/CMakeTmp

Run Build Command:"/usr/bin/gmake" "cmTC_b6a73/fast"
/usr/bin/gmake -f CMakeFiles/cmTC_b6a73.dir/build.make CMakeFiles/cmTC_b6a73.dir/build
gmake[1]: Entering directory `/home/matanr/recov_flat_combining/scalable_recoverable_flat_combining/CMakeFiles/CMakeTmp'
Building CXX object CMakeFiles/cmTC_b6a73.dir/feature_tests.cxx.o
/opt/sw/gcc/9.1.0/bin/c++    -std=c++14 -o CMakeFiles/cmTC_b6a73.dir/feature_tests.cxx.o -c /home/matanr/recov_flat_combining/scalable_recoverable_flat_combining/CMakeFiles/feature_tests.cxx
Linking CXX executable cmTC_b6a73
/usr/bin/cmake3 -E cmake_link_script CMakeFiles/cmTC_b6a73.dir/link.txt --verbose=1
/opt/sw/gcc/9.1.0/bin/c++       -rdynamic CMakeFiles/cmTC_b6a73.dir/feature_tests.cxx.o  -o cmTC_b6a73 
gmake[1]: Leaving directory `/home/matanr/recov_flat_combining/scalable_recoverable_flat_combining/CMakeFiles/CMakeTmp'


    Feature record: CXX_FEATURE:1cxx_aggregate_default_initializers
    Feature record: CXX_FEATURE:1cxx_alias_templates
    Feature record: CXX_FEATURE:1cxx_alignas
    Feature record: CXX_FEATURE:1cxx_alignof
    Feature record: CXX_FEATURE:1cxx_attributes
    Feature record: CXX_FEATURE:1cxx_attribute_deprecated
    Feature record: CXX_FEATURE:1cxx_auto_type
    Feature record: CXX_FEATURE:1cxx_binary_literals
    Feature record: CXX_FEATURE:1cxx_constexpr
    Feature record: CXX_FEATURE:1cxx_contextual_conversions
    Feature record: CXX_FEATURE:1cxx_decltype
    Feature record: CXX_FEATURE:1cxx_decltype_auto
    Feature record: CXX_FEATURE:1cxx_decltype_incomplete_return_types
    Feature record: CXX_FEATURE:1cxx_default_function_template_args
    Feature record: CXX_FEATURE:1cxx_defaulted_functions
    Feature record: CXX_FEATURE:1cxx_defaulted_move_initializers
    Feature record: CXX_FEATURE:1cxx_delegating_constructors
    Feature record: CXX_FEATURE:1cxx_deleted_functions
    Feature record: CXX_FEATURE:1cxx_digit_separators
    Feature record: CXX_FEATURE:1cxx_enum_forward_declarations
    Feature record: CXX_FEATURE:1cxx_explicit_conversions
    Feature record: CXX_FEATURE:1cxx_extended_friend_declarations
    Feature record: CXX_FEATURE:1cxx_extern_templates
    Feature record: CXX_FEATURE:1cxx_final
    Feature record: CXX_FEATURE:1cxx_func_identifier
    Feature record: CXX_FEATURE:1cxx_generalized_initializers
    Feature record: CXX_FEATURE:1cxx_generic_lambdas
    Feature record: CXX_FEATURE:1cxx_inheriting_constructors
    Feature record: CXX_FEATURE:1cxx_inline_namespaces
    Feature record: CXX_FEATURE:1cxx_lambdas
    Feature record: CXX_FEATURE:1cxx_lambda_init_captures
    Feature record: CXX_FEATURE:1cxx_local_type_template_args
    Feature record: CXX_FEATURE:1cxx_long_long_type
    Feature record: CXX_FEATURE:1cxx_noexcept
    Feature record: CXX_FEATURE:1cxx_nonstatic_member_init
    Feature record: CXX_FEATURE:1cxx_nullptr
    Feature record: CXX_FEATURE:1cxx_override
    Feature record: CXX_FEATURE:1cxx_range_for
    Feature record: CXX_FEATURE:1cxx_raw_string_literals
    Feature record: CXX_FEATURE:1cxx_reference_qualified_functions
    Feature record: CXX_FEATURE:1cxx_relaxed_constexpr
    Feature record: CXX_FEATURE:1cxx_return_type_deduction
    Feature record: CXX_FEATURE:1cxx_right_angle_brackets
    Feature record: CXX_FEATURE:1cxx_rvalue_references
    Feature record: CXX_FEATURE:1cxx_sizeof_member
    Feature record: CXX_FEATURE:1cxx_static_assert
    Feature record: CXX_FEATURE:1cxx_strong_enums
    Feature record: CXX_FEATURE:1cxx_template_template_parameters
    Feature record: CXX_FEATURE:1cxx_thread_local
    Feature record: CXX_FEATURE:1cxx_trailing_return_types
    Feature record: CXX_FEATURE:1cxx_unicode_literals
    Feature record: CXX_FEATURE:1cxx_uniform_initialization
    Feature record: CXX_FEATURE:1cxx_unrestricted_unions
    Feature record: CXX_FEATURE:1cxx_user_literals
    Feature record: CXX_FEATURE:1cxx_variable_templates
    Feature record: CXX_FEATURE:1cxx_variadic_macros
    Feature record: CXX_FEATURE:1cxx_variadic_templates


Detecting CXX [-std=c++11] compiler features compiled with the following output:
Change Dir: /home/matanr/recov_flat_combining/scalable_recoverable_flat_combining/CMakeFiles/CMakeTmp

Run Build Command:"/usr/bin/gmake" "cmTC_53deb/fast"
/usr/bin/gmake -f CMakeFiles/cmTC_53deb.dir/build.make CMakeFiles/cmTC_53deb.dir/build
gmake[1]: Entering directory `/home/matanr/recov_flat_combining/scalable_recoverable_flat_combining/CMakeFiles/CMakeTmp'
Building CXX object CMakeFiles/cmTC_53deb.dir/feature_tests.cxx.o
/opt/sw/gcc/9.1.0/bin/c++    -std=c++11 -o CMakeFiles/cmTC_53deb.dir/feature_tests.cxx.o -c /home/matanr/recov_flat_combining/scalable_recoverable_flat_combining/CMakeFiles/feature_tests.cxx
Linking CXX executable cmTC_53deb
/usr/bin/cmake3 -E cmake_link_script CMakeFiles/cmTC_53deb.dir/link.txt --verbose=1
/opt/sw/gcc/9.1.0/bin/c++       -rdynamic CMakeFiles/cmTC_53deb.dir/feature_tests.cxx.o  -o cmTC_53deb 
gmake[1]: Leaving directory `/home/matanr/recov_flat_combining/scalable_recoverable_flat_combining/CMakeFiles/CMakeTmp'


    Feature record: CXX_FEATURE:0cxx_aggregate_default_initializers
    Feature record: CXX_FEATURE:1cxx_alias_templates
    Feature record: CXX_FEATURE:1cxx_alignas
    Feature record: CXX_FEATURE:1cxx_alignof
    Feature record: CXX_FEATURE:1cxx_attributes
    Feature record: CXX_FEATURE:0cxx_attribute_deprecated
    Feature record: CXX_FEATURE:1cxx_auto_type
    Feature record: CXX_FEATURE:0cxx_binary_literals
    Feature record: CXX_FEATURE:1cxx_constexpr
    Feature record: CXX_FEATURE:0cxx_contextual_conversions
    Feature record: CXX_FEATURE:1cxx_decltype
    Feature record: CXX_FEATURE:0cxx_decltype_auto
    Feature record: CXX_FEATURE:1cxx_decltype_incomplete_return_types
    Feature record: CXX_FEATURE:1cxx_default_function_template_args
    Feature record: CXX_FEATURE:1cxx_defaulted_functions
    Feature record: CXX_FEATURE:1cxx_defaulted_move_initializers
    Feature record: CXX_FEATURE:1cxx_delegating_constructors
    Feature record: CXX_FEATURE:1cxx_deleted_functions
    Feature record: CXX_FEATURE:0cxx_digit_separators
    Feature record: CXX_FEATURE:1cxx_enum_forward_declarations
    Feature record: CXX_FEATURE:1cxx_explicit_conversions
    Feature record: CXX_FEATURE:1cxx_extended_friend_declarations
    Feature record: CXX_FEATURE:1cxx_extern_templates
    Feature record: CXX_FEATURE:1cxx_final
    Feature record: CXX_FEATURE:1cxx_func_identifier
    Feature record: CXX_FEATURE:1cxx_generalized_initializers
    Feature record: CXX_FEATURE:0cxx_generic_lambdas
    Feature record: CXX_FEATURE:1cxx_inheriting_constructors
    Feature record: CXX_FEATURE:1cxx_inline_namespaces
    Feature record: CXX_FEATURE:1cxx_lambdas
    Feature record: CXX_FEATURE:0cxx_lambda_init_captures
    Feature record: CXX_FEATURE:1cxx_local_type_template_args
    Feature record: CXX_FEATURE:1cxx_long_long_type
    Feature record: CXX_FEATURE:1cxx_noexcept
    Feature record: CXX_FEATURE:1cxx_nonstatic_member_init
    Feature record: CXX_FEATURE:1cxx_nullptr
    Feature record: CXX_FEATURE:1cxx_override
    Feature record: CXX_FEATURE:1cxx_range_for
    Feature record: CXX_FEATURE:1cxx_raw_string_literals
    Feature record: CXX_FEATURE:1cxx_reference_qualified_functions
    Feature record: CXX_FEATURE:0cxx_relaxed_constexpr
    Feature record: CXX_FEATURE:0cxx_return_type_deduction
    Feature record: CXX_FEATURE:1cxx_right_angle_brackets
    Feature record: CXX_FEATURE:1cxx_rvalue_references
    Feature record: CXX_FEATURE:1cxx_sizeof_member
    Feature record: CXX_FEATURE:1cxx_static_assert
    Feature record: CXX_FEATURE:1cxx_strong_enums
    Feature record: CXX_FEATURE:1cxx_template_template_parameters
    Feature record: CXX_FEATURE:1cxx_thread_local
    Feature record: CXX_FEATURE:1cxx_trailing_return_types
    Feature record: CXX_FEATURE:1cxx_unicode_literals
    Feature record: CXX_FEATURE:1cxx_uniform_initialization
    Feature record: CXX_FEATURE:1cxx_unrestricted_unions
    Feature record: CXX_FEATURE:1cxx_user_literals
    Feature record: CXX_FEATURE:0cxx_variable_templates
    Feature record: CXX_FEATURE:1cxx_variadic_macros
    Feature record: CXX_FEATURE:1cxx_variadic_templates


Detecting CXX [-std=c++98] compiler features compiled with the following output:
Change Dir: /home/matanr/recov_flat_combining/scalable_recoverable_flat_combining/CMakeFiles/CMakeTmp

Run Build Command:"/usr/bin/gmake" "cmTC_30e58/fast"
/usr/bin/gmake -f CMakeFiles/cmTC_30e58.dir/build.make CMakeFiles/cmTC_30e58.dir/build
gmake[1]: Entering directory `/home/matanr/recov_flat_combining/scalable_recoverable_flat_combining/CMakeFiles/CMakeTmp'
Building CXX object CMakeFiles/cmTC_30e58.dir/feature_tests.cxx.o
/opt/sw/gcc/9.1.0/bin/c++    -std=c++98 -o CMakeFiles/cmTC_30e58.dir/feature_tests.cxx.o -c /home/matanr/recov_flat_combining/scalable_recoverable_flat_combining/CMakeFiles/feature_tests.cxx
Linking CXX executable cmTC_30e58
/usr/bin/cmake3 -E cmake_link_script CMakeFiles/cmTC_30e58.dir/link.txt --verbose=1
/opt/sw/gcc/9.1.0/bin/c++       -rdynamic CMakeFiles/cmTC_30e58.dir/feature_tests.cxx.o  -o cmTC_30e58 
gmake[1]: Leaving directory `/home/matanr/recov_flat_combining/scalable_recoverable_flat_combining/CMakeFiles/CMakeTmp'


    Feature record: CXX_FEATURE:0cxx_aggregate_default_initializers
    Feature record: CXX_FEATURE:0cxx_alias_templates
    Feature record: CXX_FEATURE:0cxx_alignas
    Feature record: CXX_FEATURE:0cxx_alignof
    Feature record: CXX_FEATURE:0cxx_attributes
    Feature record: CXX_FEATURE:0cxx_attribute_deprecated
    Feature record: CXX_FEATURE:0cxx_auto_type
    Feature record: CXX_FEATURE:0cxx_binary_literals
    Feature record: CXX_FEATURE:0cxx_constexpr
    Feature record: CXX_FEATURE:0cxx_contextual_conversions
    Feature record: CXX_FEATURE:0cxx_decltype
    Feature record: CXX_FEATURE:0cxx_decltype_auto
    Feature record: CXX_FEATURE:0cxx_decltype_incomplete_return_types
    Feature record: CXX_FEATURE:0cxx_default_function_template_args
    Feature record: CXX_FEATURE:0cxx_defaulted_functions
    Feature record: CXX_FEATURE:0cxx_defaulted_move_initializers
    Feature record: CXX_FEATURE:0cxx_delegating_constructors
    Feature record: CXX_FEATURE:0cxx_deleted_functions
    Feature record: CXX_FEATURE:0cxx_digit_separators
    Feature record: CXX_FEATURE:0cxx_enum_forward_declarations
    Feature record: CXX_FEATURE:0cxx_explicit_conversions
    Feature record: CXX_FEATURE:0cxx_extended_friend_declarations
    Feature record: CXX_FEATURE:0cxx_extern_templates
    Feature record: CXX_FEATURE:0cxx_final
    Feature record: CXX_FEATURE:0cxx_func_identifier
    Feature record: CXX_FEATURE:0cxx_generalized_initializers
    Feature record: CXX_FEATURE:0cxx_generic_lambdas
    Feature record: CXX_FEATURE:0cxx_inheriting_constructors
    Feature record: CXX_FEATURE:0cxx_inline_namespaces
    Feature record: CXX_FEATURE:0cxx_lambdas
    Feature record: CXX_FEATURE:0cxx_lambda_init_captures
    Feature record: CXX_FEATURE:0cxx_local_type_template_args
    Feature record: CXX_FEATURE:0cxx_long_long_type
    Feature record: CXX_FEATURE:0cxx_noexcept
    Feature record: CXX_FEATURE:0cxx_nonstatic_member_init
    Feature record: CXX_FEATURE:0cxx_nullptr
    Feature record: CXX_FEATURE:0cxx_override
    Feature record: CXX_FEATURE:0cxx_range_for
    Feature record: CXX_FEATURE:0cxx_raw_string_literals
    Feature record: CXX_FEATURE:0cxx_reference_qualified_functions
    Feature record: CXX_FEATURE:0cxx_relaxed_constexpr
    Feature record: CXX_FEATURE:0cxx_return_type_deduction
    Feature record: CXX_FEATURE:0cxx_right_angle_brackets
    Feature record: CXX_FEATURE:0cxx_rvalue_references
    Feature record: CXX_FEATURE:0cxx_sizeof_member
    Feature record: CXX_FEATURE:0cxx_static_assert
    Feature record: CXX_FEATURE:0cxx_strong_enums
    Feature record: CXX_FEATURE:1cxx_template_template_parameters
    Feature record: CXX_FEATURE:0cxx_thread_local
    Feature record: CXX_FEATURE:0cxx_trailing_return_types
    Feature record: CXX_FEATURE:0cxx_unicode_literals
    Feature record: CXX_FEATURE:0cxx_uniform_initialization
    Feature record: CXX_FEATURE:0cxx_unrestricted_unions
    Feature record: CXX_FEATURE:0cxx_user_literals
    Feature record: CXX_FEATURE:0cxx_variable_templates
    Feature record: CXX_FEATURE:0cxx_variadic_macros
    Feature record: CXX_FEATURE:0cxx_variadic_templates
Determining if the include file pthread.h exists passed with the following output:
Change Dir: /home/matanr/recov_flat_combining/scalable_recoverable_flat_combining/CMakeFiles/CMakeTmp

Run Build Command:"/usr/bin/gmake" "cmTC_29a1b/fast"
/usr/bin/gmake -f CMakeFiles/cmTC_29a1b.dir/build.make CMakeFiles/cmTC_29a1b.dir/build
gmake[1]: Entering directory `/home/matanr/recov_flat_combining/scalable_recoverable_flat_combining/CMakeFiles/CMakeTmp'
Building CXX object CMakeFiles/cmTC_29a1b.dir/CheckIncludeFile.cxx.o
/opt/sw/gcc/9.1.0/bin/c++    -g -O2 -DPWB_IS_CLFLUSH -fsanitize=address    -o CMakeFiles/cmTC_29a1b.dir/CheckIncludeFile.cxx.o -c /home/matanr/recov_flat_combining/scalable_recoverable_flat_combining/CMakeFiles/CMakeTmp/CheckIncludeFile.cxx
Linking CXX executable cmTC_29a1b
/usr/bin/cmake3 -E cmake_link_script CMakeFiles/cmTC_29a1b.dir/link.txt --verbose=1
/opt/sw/gcc/9.1.0/bin/c++  -g -O2 -DPWB_IS_CLFLUSH -fsanitize=address     -rdynamic CMakeFiles/cmTC_29a1b.dir/CheckIncludeFile.cxx.o  -o cmTC_29a1b 
gmake[1]: Leaving directory `/home/matanr/recov_flat_combining/scalable_recoverable_flat_combining/CMakeFiles/CMakeTmp'


Determining if the pthread_create exist passed with the following output:
Change Dir: /home/matanr/recov_flat_combining/scalable_recoverable_flat_combining/CMakeFiles/CMakeTmp

Run Build Command:"/usr/bin/gmake" "cmTC_6eaba/fast"
/usr/bin/gmake -f CMakeFiles/cmTC_6eaba.dir/build.make CMakeFiles/cmTC_6eaba.dir/build
gmake[1]: Entering directory `/home/matanr/recov_flat_combining/scalable_recoverable_flat_combining/CMakeFiles/CMakeTmp'
Building CXX object CMakeFiles/cmTC_6eaba.dir/CheckSymbolExists.cxx.o
/opt/sw/gcc/9.1.0/bin/c++    -g -O2 -DPWB_IS_CLFLUSH -fsanitize=address    -o CMakeFiles/cmTC_6eaba.dir/CheckSymbolExists.cxx.o -c /home/matanr/recov_flat_combining/scalable_recoverable_flat_combining/CMakeFiles/CMakeTmp/CheckSymbolExists.cxx
Linking CXX executable cmTC_6eaba
/usr/bin/cmake3 -E cmake_link_script CMakeFiles/cmTC_6eaba.dir/link.txt --verbose=1
/opt/sw/gcc/9.1.0/bin/c++  -g -O2 -DPWB_IS_CLFLUSH -fsanitize=address     -rdynamic CMakeFiles/cmTC_6eaba.dir/CheckSymbolExists.cxx.o  -o cmTC_6eaba 
gmake[1]: Leaving directory `/home/matanr/recov_flat_combining/scalable_recoverable_flat_combining/CMakeFiles/CMakeTmp'

File /home/matanr/recov_flat_combining/scalable_recoverable_flat_combining/CMakeFiles/CMakeTmp/CheckSymbolExists.cxx:
/* */
#include <pthread.h>

int main(int argc, char** argv)
{
  (void)argv;
#ifndef pthread_create
  return ((int*)(&pthread_create))[argc];
#else
  (void)argc;
  return 0;
#endif
}

